<?xml version="1.0" encoding="UTF-8"?>
<testng-results ignored="0" total="5" passed="5" failed="0" skipped="0">
  <reporter-output>
  </reporter-output>
  <suite started-at="2024-12-26T13:57:17 IST" name="Suite" finished-at="2024-12-26T13:58:43 IST" duration-ms="86935">
    <groups>
      <group name="master">
        <method signature="successfulRegistrationPage.testRegistration()[pri:1, instance:testcases.successfulRegistrationPage@3e8c3cb]" name="testRegistration" class="testcases.successfulRegistrationPage"/>
        <method signature="opennewaccountpage.testOpenNewAccount()[pri:2, instance:testcases.opennewaccountpage@235ecd9f]" name="testOpenNewAccount" class="testcases.opennewaccountpage"/>
        <method signature="accountactivitypage.testAccount()[pri:3, instance:testcases.accountactivitypage@1ca3b418]" name="testAccount" class="testcases.accountactivitypage"/>
        <method signature="transferfundspage.testTransferFunds()[pri:4, instance:testcases.transferfundspage@58cbafc2]" name="testTransferFunds" class="testcases.transferfundspage"/>
        <method signature="logoutPage.testConfirmation()[pri:5, instance:testcases.logoutPage@2034b64c]" name="testConfirmation" class="testcases.logoutPage"/>
      </group> <!-- master -->
    </groups>
    <test started-at="2024-12-26T13:57:17 IST" name="Test" finished-at="2024-12-26T13:58:43 IST" duration-ms="86935">
      <class name="testcases.logoutPage">
        <test-method signature="testConfirmation()[pri:5, instance:testcases.logoutPage@2034b64c]" started-at="2024-12-26T13:58:39 IST" name="testConfirmation" finished-at="2024-12-26T13:58:43 IST" duration-ms="3824" status="PASS">
          <reporter-output>
          </reporter-output>
        </test-method> <!-- testConfirmation -->
      </class> <!-- testcases.logoutPage -->
      <class name="testcases.transferfundspage">
        <test-method signature="testTransferFunds()[pri:4, instance:testcases.transferfundspage@58cbafc2]" started-at="2024-12-26T13:58:21 IST" name="testTransferFunds" finished-at="2024-12-26T13:58:39 IST" duration-ms="18240" status="PASS">
          <reporter-output>
          </reporter-output>
        </test-method> <!-- testTransferFunds -->
      </class> <!-- testcases.transferfundspage -->
      <class name="testcases.accountactivitypage">
        <test-method signature="testAccount()[pri:3, instance:testcases.accountactivitypage@1ca3b418]" started-at="2024-12-26T13:58:03 IST" name="testAccount" finished-at="2024-12-26T13:58:20 IST" duration-ms="17046" status="PASS">
          <reporter-output>
          </reporter-output>
        </test-method> <!-- testAccount -->
      </class> <!-- testcases.accountactivitypage -->
      <class name="testcases.successfulRegistrationPage">
        <test-method is-config="true" signature="setup(java.lang.String,java.lang.String)[pri:0, instance:testcases.successfulRegistrationPage@3e8c3cb]" started-at="2024-12-26T13:57:06 IST" name="setup" finished-at="2024-12-26T13:57:17 IST" duration-ms="10948" status="PASS">
          <params>
            <param index="0">
              <value>
                <![CDATA[windows]]>
              </value>
            </param>
            <param index="1">
              <value>
                <![CDATA[chrome]]>
              </value>
            </param>
          </params>
          <reporter-output>
          </reporter-output>
        </test-method> <!-- setup -->
        <test-method signature="testRegistration()[pri:1, instance:testcases.successfulRegistrationPage@3e8c3cb]" started-at="2024-12-26T13:57:17 IST" name="testRegistration" finished-at="2024-12-26T13:57:49 IST" duration-ms="32152" status="PASS">
          <reporter-output>
          </reporter-output>
        </test-method> <!-- testRegistration -->
        <test-method is-config="true" signature="tearDown()[pri:0, instance:testcases.successfulRegistrationPage@3e8c3cb]" started-at="2024-12-26T13:58:45 IST" name="tearDown" finished-at="2024-12-26T13:58:48 IST" duration-ms="2532" status="PASS">
          <reporter-output>
          </reporter-output>
        </test-method> <!-- tearDown -->
      </class> <!-- testcases.successfulRegistrationPage -->
      <class name="testcases.opennewaccountpage">
        <test-method signature="testOpenNewAccount()[pri:2, instance:testcases.opennewaccountpage@235ecd9f]" started-at="2024-12-26T13:57:50 IST" name="testOpenNewAccount" finished-at="2024-12-26T13:58:03 IST" duration-ms="13474" status="PASS">
          <reporter-output>
          </reporter-output>
        </test-method> <!-- testOpenNewAccount -->
      </class> <!-- testcases.opennewaccountpage -->
    </test> <!-- Test -->
  </suite> <!-- Suite -->
</testng-results>
